[debug] [2026-04-08T07:17:28.657Z] ----------------------------------------------------------------------
[debug] [2026-04-08T07:17:28.659Z] Command:       C:\Program Files\nodejs\node.exe C:\Users\kevin\AppData\Roaming\npm\node_modules\firebase-tools\lib\bin\firebase.js deploy
[debug] [2026-04-08T07:17:28.659Z] CLI Version:   14.17.0
[debug] [2026-04-08T07:17:28.660Z] Platform:      win32
[debug] [2026-04-08T07:17:28.660Z] Node Version:  v24.5.0
[debug] [2026-04-08T07:17:28.660Z] Time:          Wed Apr 08 2026 00:17:28 GMT-0700 (Pacific Daylight Time)
[debug] [2026-04-08T07:17:28.660Z] ----------------------------------------------------------------------
[debug] 
[debug] [2026-04-08T07:17:28.817Z] > command requires scopes: ["email","openid","https://www.googleapis.com/auth/cloudplatformprojects.readonly","https://www.googleapis.com/auth/firebase","https://www.googleapis.com/auth/cloud-platform"]
[debug] [2026-04-08T07:17:28.818Z] > authorizing via signed-in user (relax.soft.llc@gmail.com)
[debug] [2026-04-08T07:17:28.818Z] [iam] checking project adtogether-15453 for permissions ["firebase.projects.get","firebasehosting.sites.update"]
[debug] [2026-04-08T07:17:28.818Z] Checked if tokens are valid: true, expires at: 1775636220405
[debug] [2026-04-08T07:17:28.819Z] Checked if tokens are valid: true, expires at: 1775636220405
[debug] [2026-04-08T07:17:28.819Z] >>> [apiv2][query] POST https://cloudresourcemanager.googleapis.com/v1/projects/adtogether-15453:testIamPermissions [none]
[debug] [2026-04-08T07:17:28.819Z] >>> [apiv2][(partial)header] POST https://cloudresourcemanager.googleapis.com/v1/projects/adtogether-15453:testIamPermissions x-goog-quota-user=projects/adtogether-15453
[debug] [2026-04-08T07:17:28.819Z] >>> [apiv2][body] POST https://cloudresourcemanager.googleapis.com/v1/projects/adtogether-15453:testIamPermissions {"permissions":["firebase.projects.get","firebasehosting.sites.update"]}
[debug] [2026-04-08T07:17:28.995Z] <<< [apiv2][status] POST https://cloudresourcemanager.googleapis.com/v1/projects/adtogether-15453:testIamPermissions 200
[debug] [2026-04-08T07:17:28.995Z] <<< [apiv2][body] POST https://cloudresourcemanager.googleapis.com/v1/projects/adtogether-15453:testIamPermissions {"permissions":["firebase.projects.get","firebasehosting.sites.update"]}
[debug] [2026-04-08T07:17:28.996Z] Checked if tokens are valid: true, expires at: 1775636220405
[debug] [2026-04-08T07:17:28.996Z] Checked if tokens are valid: true, expires at: 1775636220405
[debug] [2026-04-08T07:17:28.996Z] >>> [apiv2][query] GET https://firebase.googleapis.com/v1beta1/projects/adtogether-15453 [none]
[debug] [2026-04-08T07:17:29.217Z] <<< [apiv2][status] GET https://firebase.googleapis.com/v1beta1/projects/adtogether-15453 200
[debug] [2026-04-08T07:17:29.217Z] <<< [apiv2][body] GET https://firebase.googleapis.com/v1beta1/projects/adtogether-15453 {"projectId":"adtogether-15453","projectNumber":"971040864420","displayName":"adtogether","name":"projects/adtogether-15453","resources":{"hostingSite":"adtogether-15453"},"state":"ACTIVE","etag":"1_4c0935f6-237f-4d07-a963-3101cd2d562e"}
[debug] [2026-04-08T07:17:31.202Z] defaultcredentials: writing to file C:\Users\kevin\AppData\Roaming\firebase\relax_soft.llc_gmail.com_application_default_credentials.json
[debug] [2026-04-08T07:17:31.203Z] Checked if tokens are valid: true, expires at: 1775636220405
[debug] [2026-04-08T07:17:31.204Z] Checked if tokens are valid: true, expires at: 1775636220405
[debug] [2026-04-08T07:17:31.204Z] >>> [apiv2][query] GET https://firebasehosting.googleapis.com/v1beta1/projects/adtogether-15453/sites pageToken=&pageSize=10
[debug] [2026-04-08T07:17:32.188Z] <<< [apiv2][status] GET https://firebasehosting.googleapis.com/v1beta1/projects/adtogether-15453/sites 200
[debug] [2026-04-08T07:17:32.188Z] <<< [apiv2][body] GET https://firebasehosting.googleapis.com/v1beta1/projects/adtogether-15453/sites {"sites":[{"name":"projects/adtogether-15453/sites/adtogether-15453","defaultUrl":"https://adtogether-15453.web.app","type":"DEFAULT_SITE"}]}
[debug] [2026-04-08T07:17:32.188Z] Checked if tokens are valid: true, expires at: 1775636220405
[debug] [2026-04-08T07:17:32.189Z] Checked if tokens are valid: true, expires at: 1775636220405
[debug] [2026-04-08T07:17:32.189Z] >>> [apiv2][query] GET https://firebasehosting.googleapis.com/v1beta1/projects/adtogether-15453/sites 
[debug] [2026-04-08T07:17:32.657Z] <<< [apiv2][status] GET https://firebasehosting.googleapis.com/v1beta1/projects/adtogether-15453/sites 200
[debug] [2026-04-08T07:17:32.658Z] <<< [apiv2][body] GET https://firebasehosting.googleapis.com/v1beta1/projects/adtogether-15453/sites {"sites":[{"name":"projects/adtogether-15453/sites/adtogether-15453","defaultUrl":"https://adtogether-15453.web.app","type":"DEFAULT_SITE"}]}
[debug] [2026-04-08T07:17:32.658Z] Checked if tokens are valid: true, expires at: 1775636220405
[debug] [2026-04-08T07:17:32.658Z] Checked if tokens are valid: true, expires at: 1775636220405
[debug] [2026-04-08T07:17:32.658Z] >>> [apiv2][query] GET https://firebase.googleapis.com/v1beta1/projects/adtogether-15453/webApps/-/config [none]
[debug] [2026-04-08T07:17:32.877Z] <<< [apiv2][status] GET https://firebase.googleapis.com/v1beta1/projects/adtogether-15453/webApps/-/config 200
[debug] [2026-04-08T07:17:32.877Z] <<< [apiv2][body] GET https://firebase.googleapis.com/v1beta1/projects/adtogether-15453/webApps/-/config {"projectId":"adtogether-15453","storageBucket":"adtogether-15453.firebasestorage.app","apiKey":"AIzaSyA4YZtvA9If1eXEgVbvc6dYOQC7lERgc-k","authDomain":"adtogether-15453.firebaseapp.com","messagingSenderId":"971040864420","projectNumber":"971040864420","version":"2"}
[info] 
   Thank you for trying our early preview of Next.js support on Firebase Hosting.
   During the preview, support is best-effort and breaking changes can be expected. Proceed with caution.
   The integration is known to work with Next.js version 12 - 15.0. You may encounter errors.

   Documentation: https://firebase.google.com/docs/hosting/frameworks/nextjs
   File a bug: https://github.com/firebase/firebase-tools/issues/new?template=bug_report.md
   Submit a feature request: https://github.com/firebase/firebase-tools/issues/new?template=feature_request.md

   We'd love to learn from you. Express your interest in helping us shape the future of Firebase Hosting: https://goo.gle/41enW5X

[debug] [2026-04-08T07:17:37.711Z] Checked if tokens are valid: true, expires at: 1775636220405
[debug] [2026-04-08T07:17:37.711Z] Checked if tokens are valid: true, expires at: 1775636220405
[debug] [2026-04-08T07:17:37.712Z] >>> [apiv2][query] GET https://firebasehosting.googleapis.com/v1beta1/projects/adtogether-15453/sites/adtogether-15453 [none]
[debug] [2026-04-08T07:17:38.434Z] <<< [apiv2][status] GET https://firebasehosting.googleapis.com/v1beta1/projects/adtogether-15453/sites/adtogether-15453 200
[debug] [2026-04-08T07:17:38.435Z] <<< [apiv2][body] GET https://firebasehosting.googleapis.com/v1beta1/projects/adtogether-15453/sites/adtogether-15453 {"name":"projects/adtogether-15453/sites/adtogether-15453","defaultUrl":"https://adtogether-15453.web.app","type":"DEFAULT_SITE"}
[info] ⚠ Warning: Next.js inferred your workspace root, but it may not be correct.
 We detected multiple lockfiles and selected the directory of C:\Users\kevin\package-lock.json as the root directory.
 To silence this warning, set `turbopack.root` in your Next.js config, or consider removing one of the lockfiles if it's not needed.
   See https://nextjs.org/docs/app/api-reference/config/next-config-js/turbopack#root-directory for more information.
 Detected additional lockfiles: 
   * C:\Users\kevin\Next\AdTogether\package-lock.json


[info] ▲ Next.js 16.2.2 (Turbopack)

[info] 

[info]   Creating an optimized production build ...

[info] ✓ Compiled successfully in 4.2s

[info]   Running TypeScript ...

[info]   Finished TypeScript in 2.9s ...

[info]   Collecting page data using 12 workers ...

[info] Error [FirebaseError]: Firebase: Error (auth/invalid-api-key).
    at td (C:\Users\kevin\Next\AdTogether\.next\server\chunks\Next_AdTogether_0n4e0~z._.js:3:322402)
    at tp (C:\Users\kevin\Next\AdTogether\.next\server\chunks\Next_AdTogether_0n4e0~z._.js:3:322451)
    at Q.instanceFactory (C:\Users\kevin\Next\AdTogether\.next\server\chunks\Next_AdTogether_0n4e0~z._.js:3:370958)
    at J.getOrInitializeService (C:\Users\kevin\Next\AdTogether\.next\server\chunks\Next_AdTogether_0n4e0~z._.js:3:306589)
    at J.initialize (C:\Users\kevin\Next\AdTogether\.next\server\chunks\Next_AdTogether_0n4e0~z._.js:3:305997)
    at rE (C:\Users\kevin\Next\AdTogether\.next\server\chunks\Next_AdTogether_0n4e0~z._.js:3:359849)
    at nt (C:\Users\kevin\Next\AdTogether\.next\server\chunks\Next_AdTogether_0n4e0~z._.js:3:371595)
    at module evaluation (C:\Users\kevin\Next\AdTogether\.next\server\chunks\Next_AdTogether_0n4e0~z._.js:15:10476)
    at instantiateModule (C:\Users\kevin\Next\AdTogether\.next\server\chunks\[turbopack]_runtime.js:853:9)
    at getOrInstantiateModuleFromParent (C:\Users\kevin\Next\AdTogether\.next\server\chunks\[turbopack]_runtime.js:877:12) {
  code: 'auth/invalid-api-key',
  customData: { appName: '[DEFAULT]' }
}

[info] 

[info] > Build error occurred

[info] Error: Failed to collect page data for /api/ads/impression
    at ignore-listed frames {
  type: 'Error'
}

[debug] [2026-04-08T07:17:48.457Z] Error: ENOENT: no such file or directory, open 'C:\Users\kevin\Next\AdTogether\.next\export-marker.json'
[error] 
[error] Error: An unexpected error has occurred.
[debug] [2026-04-08T17:54:02.618Z] ----------------------------------------------------------------------
[debug] [2026-04-08T17:54:02.621Z] Command:       C:\Program Files\nodejs\node.exe C:\Users\kevin\AppData\Roaming\npm\node_modules\firebase-tools\lib\bin\firebase.js deploy
[debug] [2026-04-08T17:54:02.621Z] CLI Version:   14.17.0
[debug] [2026-04-08T17:54:02.621Z] Platform:      win32
[debug] [2026-04-08T17:54:02.621Z] Node Version:  v24.5.0
[debug] [2026-04-08T17:54:02.621Z] Time:          Wed Apr 08 2026 10:54:02 GMT-0700 (Pacific Daylight Time)
[debug] [2026-04-08T17:54:02.621Z] ----------------------------------------------------------------------
[debug] 
[debug] [2026-04-08T17:54:02.772Z] > command requires scopes: ["email","openid","https://www.googleapis.com/auth/cloudplatformprojects.readonly","https://www.googleapis.com/auth/firebase","https://www.googleapis.com/auth/cloud-platform"]
[debug] [2026-04-08T17:54:02.772Z] > authorizing via signed-in user (relax.soft.llc@gmail.com)
[debug] [2026-04-08T17:54:02.772Z] [iam] checking project adtogether-15453 for permissions ["firebase.projects.get","firebasehosting.sites.update"]
[debug] [2026-04-08T17:54:02.773Z] Checked if tokens are valid: false, expires at: 1775665333368
[debug] [2026-04-08T17:54:02.773Z] Checked if tokens are valid: false, expires at: 1775665333368
[debug] [2026-04-08T17:54:02.773Z] > refreshing access token with scopes: []
[debug] [2026-04-08T17:54:02.775Z] >>> [apiv2][query] POST https://www.googleapis.com/oauth2/v3/token [none]
[debug] [2026-04-08T17:54:02.775Z] >>> [apiv2][body] POST https://www.googleapis.com/oauth2/v3/token [omitted]
[debug] [2026-04-08T17:54:02.963Z] <<< [apiv2][status] POST https://www.googleapis.com/oauth2/v3/token 200
[debug] [2026-04-08T17:54:02.963Z] <<< [apiv2][body] POST https://www.googleapis.com/oauth2/v3/token [omitted]
[debug] [2026-04-08T17:54:02.975Z] >>> [apiv2][query] POST https://cloudresourcemanager.googleapis.com/v1/projects/adtogether-15453:testIamPermissions [none]
[debug] [2026-04-08T17:54:02.975Z] >>> [apiv2][(partial)header] POST https://cloudresourcemanager.googleapis.com/v1/projects/adtogether-15453:testIamPermissions x-goog-quota-user=projects/adtogether-15453
[debug] [2026-04-08T17:54:02.976Z] >>> [apiv2][body] POST https://cloudresourcemanager.googleapis.com/v1/projects/adtogether-15453:testIamPermissions {"permissions":["firebase.projects.get","firebasehosting.sites.update"]}
[debug] [2026-04-08T17:54:03.208Z] <<< [apiv2][status] POST https://cloudresourcemanager.googleapis.com/v1/projects/adtogether-15453:testIamPermissions 200
[debug] [2026-04-08T17:54:03.208Z] <<< [apiv2][body] POST https://cloudresourcemanager.googleapis.com/v1/projects/adtogether-15453:testIamPermissions {"permissions":["firebase.projects.get","firebasehosting.sites.update"]}
[debug] [2026-04-08T17:54:03.209Z] Checked if tokens are valid: true, expires at: 1775674441963
[debug] [2026-04-08T17:54:03.209Z] Checked if tokens are valid: true, expires at: 1775674441963
[debug] [2026-04-08T17:54:03.209Z] >>> [apiv2][query] GET https://firebase.googleapis.com/v1beta1/projects/adtogether-15453 [none]
[debug] [2026-04-08T17:54:03.438Z] <<< [apiv2][status] GET https://firebase.googleapis.com/v1beta1/projects/adtogether-15453 200
[debug] [2026-04-08T17:54:03.438Z] <<< [apiv2][body] GET https://firebase.googleapis.com/v1beta1/projects/adtogether-15453 {"projectId":"adtogether-15453","projectNumber":"971040864420","displayName":"adtogether","name":"projects/adtogether-15453","resources":{"hostingSite":"adtogether-15453"},"state":"ACTIVE","etag":"1_4d53baee-7912-47e3-aa69-cb4e6462b488"}
[debug] [2026-04-08T17:54:05.437Z] defaultcredentials: writing to file C:\Users\kevin\AppData\Roaming\firebase\relax_soft.llc_gmail.com_application_default_credentials.json
[debug] [2026-04-08T17:54:05.439Z] Checked if tokens are valid: true, expires at: 1775674441963
[debug] [2026-04-08T17:54:05.439Z] Checked if tokens are valid: true, expires at: 1775674441963
[debug] [2026-04-08T17:54:05.439Z] >>> [apiv2][query] GET https://firebasehosting.googleapis.com/v1beta1/projects/adtogether-15453/sites pageToken=&pageSize=10
[debug] [2026-04-08T17:54:06.293Z] <<< [apiv2][status] GET https://firebasehosting.googleapis.com/v1beta1/projects/adtogether-15453/sites 200
[debug] [2026-04-08T17:54:06.293Z] <<< [apiv2][body] GET https://firebasehosting.googleapis.com/v1beta1/projects/adtogether-15453/sites {"sites":[{"name":"projects/adtogether-15453/sites/adtogether-15453","defaultUrl":"https://adtogether-15453.web.app","appId":"1:971040864420:web:e922ae983b2c188942ce31","type":"DEFAULT_SITE"}]}
[debug] [2026-04-08T17:54:06.293Z] Checked if tokens are valid: true, expires at: 1775674441963
[debug] [2026-04-08T17:54:06.293Z] Checked if tokens are valid: true, expires at: 1775674441963
[debug] [2026-04-08T17:54:06.294Z] >>> [apiv2][query] GET https://firebase.googleapis.com/v1beta1/projects/-/webApps/1:971040864420:web:e922ae983b2c188942ce31/config [none]
[debug] [2026-04-08T17:54:06.669Z] <<< [apiv2][status] GET https://firebase.googleapis.com/v1beta1/projects/-/webApps/1:971040864420:web:e922ae983b2c188942ce31/config 200
[debug] [2026-04-08T17:54:06.669Z] <<< [apiv2][body] GET https://firebase.googleapis.com/v1beta1/projects/-/webApps/1:971040864420:web:e922ae983b2c188942ce31/config {"projectId":"adtogether-15453","appId":"1:971040864420:web:e922ae983b2c188942ce31","storageBucket":"adtogether-15453.firebasestorage.app","apiKey":"AIzaSyA4YZtvA9If1eXEgVbvc6dYOQC7lERgc-k","authDomain":"adtogether-15453.firebaseapp.com","messagingSenderId":"971040864420","measurementId":"G-447YE2Y9PD","projectNumber":"971040864420","version":"2"}
[info] 
   Thank you for trying our early preview of Next.js support on Firebase Hosting.
   During the preview, support is best-effort and breaking changes can be expected. Proceed with caution.
   The integration is known to work with Next.js version 12 - 15.0. You may encounter errors.

   Documentation: https://firebase.google.com/docs/hosting/frameworks/nextjs
   File a bug: https://github.com/firebase/firebase-tools/issues/new?template=bug_report.md
   Submit a feature request: https://github.com/firebase/firebase-tools/issues/new?template=feature_request.md

   We'd love to learn from you. Express your interest in helping us shape the future of Firebase Hosting: https://goo.gle/41enW5X

[debug] [2026-04-08T17:54:11.605Z] Checked if tokens are valid: true, expires at: 1775674441963
[debug] [2026-04-08T17:54:11.605Z] Checked if tokens are valid: true, expires at: 1775674441963
[debug] [2026-04-08T17:54:11.605Z] >>> [apiv2][query] GET https://firebasehosting.googleapis.com/v1beta1/projects/adtogether-15453/sites/adtogether-15453 [none]
[debug] [2026-04-08T17:54:12.225Z] <<< [apiv2][status] GET https://firebasehosting.googleapis.com/v1beta1/projects/adtogether-15453/sites/adtogether-15453 200
[debug] [2026-04-08T17:54:12.225Z] <<< [apiv2][body] GET https://firebasehosting.googleapis.com/v1beta1/projects/adtogether-15453/sites/adtogether-15453 {"name":"projects/adtogether-15453/sites/adtogether-15453","defaultUrl":"https://adtogether-15453.web.app","appId":"1:971040864420:web:e922ae983b2c188942ce31","type":"DEFAULT_SITE"}
[info] ⚠ Warning: Next.js inferred your workspace root, but it may not be correct.
 We detected multiple lockfiles and selected the directory of C:\Users\kevin\package-lock.json as the root directory.
 To silence this warning, set `turbopack.root` in your Next.js config, or consider removing one of the lockfiles if it's not needed.
   See https://nextjs.org/docs/app/api-reference/config/next-config-js/turbopack#root-directory for more information.
 Detected additional lockfiles: 
   * C:\Users\kevin\Next\AdTogether\package-lock.json


[info] ▲ Next.js 16.2.2 (Turbopack)

[info] - Environments: .env.local


[info]   Creating an optimized production build ...

